 05-08-2025 13:34:42:826 [pid=879 tid=879] ERROR  0:140 unable to load,  liburcu-bp.so.6 

 05-08-2025 13:34:42:828 [pid=879 tid=879] ERROR  0:140 unable to load,  liburcu-bp.so.1 

 05-08-2025 13:34:42:829 [pid=879 tid=879] WARN   0:172 failed to open /proc/driver/nvidia-fs/devcount  error: No such file or directory
 05-08-2025 13:34:42:829 [pid=879 tid=879] NOTICE  cufio-drv:705 running in compatible mode
 05-08-2025 13:34:42:830 [pid=879 tid=879] ERROR  cufio-plat:101 cannot open path /sys/bus/pci/devices/0000:01:00.0/resource No such file or directory
 05-08-2025 13:34:42:831 [pid=879 tid=879] WARN   cufio-plat:429 GPU index 0 NVIDIA GeForce RTX 4060 Laptop GPU: Model Not Supported
 05-08-2025 13:34:42:832 [pid=879 tid=879] WARN   cufio-udev:165 failed in udev device create: /sys/bus/pci/devices/0000:01:00.0
 05-08-2025 13:34:43:183 [pid=879 tid=879] ERROR  cufio-topo-udev:431 no device entries present in platform topology
 05-08-2025 13:51:27:648 [pid=1082 tid=1082] ERROR  0:140 unable to load,  liburcu-bp.so.6 

 05-08-2025 13:51:27:648 [pid=1082 tid=1082] ERROR  0:140 unable to load,  liburcu-bp.so.1 

 05-08-2025 13:51:28:51 [pid=1082 tid=1082] WARN   0:169 failed to open /proc/driver/nvidia-fs/devcount  error: No such file or directory
 05-08-2025 13:51:28:52 [pid=1082 tid=1082] NOTICE  cufio-drv:855 running in compatible mode
 05-08-2025 13:51:28:53 [pid=1082 tid=1082] ERROR  cufio-plat:98 cannot open path /sys/bus/pci/devices/0000:01:00.0/resource No such file or directory
 05-08-2025 13:51:28:54 [pid=1082 tid=1082] ERROR  cufio-plat:98 cannot open path /sys/bus/pci/devices/0000:01:00.0/resource No such file or directory
 05-08-2025 13:51:28:55 [pid=1082 tid=1082] WARN   cufio-plat:457 GPU index 0 NVIDIA GeForce RTX 4060 Laptop GPU: Model Not Supported
 05-08-2025 13:51:28:55 [pid=1082 tid=1082] WARN   cufio-udev:169 failed in udev device create: /sys/bus/pci/devices/0000:01:00.0
 05-08-2025 13:51:28:308 [pid=1082 tid=1082] ERROR  cufio-topo-udev:431 no device entries present in platform topology
 05-08-2025 13:51:28:320 [pid=1082 tid=1082] ERROR  0:140 unable to load,  libnuma.so.1.0.0 

 05-08-2025 13:51:28:321 [pid=1082 tid=1082] ERROR  0:98 dlopen error libnuma.so.1.0.0: cannot open shared object file: No such file or directory
 05-08-2025 13:53:17:576 [pid=1149 tid=1149] ERROR  0:140 unable to load,  liburcu-bp.so.6 

 05-08-2025 13:53:17:582 [pid=1149 tid=1149] ERROR  0:140 unable to load,  liburcu-bp.so.1 

 05-08-2025 13:53:17:830 [pid=1149 tid=1149] WARN   0:169 failed to open /proc/driver/nvidia-fs/devcount  error: No such file or directory
 05-08-2025 13:53:17:830 [pid=1149 tid=1149] NOTICE  cufio-drv:855 running in compatible mode
 05-08-2025 13:53:17:831 [pid=1149 tid=1149] ERROR  cufio-plat:98 cannot open path /sys/bus/pci/devices/0000:01:00.0/resource No such file or directory
 05-08-2025 13:53:17:831 [pid=1149 tid=1149] ERROR  cufio-plat:98 cannot open path /sys/bus/pci/devices/0000:01:00.0/resource No such file or directory
 05-08-2025 13:53:17:831 [pid=1149 tid=1149] WARN   cufio-plat:457 GPU index 0 NVIDIA GeForce RTX 4060 Laptop GPU: Model Not Supported
 05-08-2025 13:53:17:831 [pid=1149 tid=1149] WARN   cufio-udev:169 failed in udev device create: /sys/bus/pci/devices/0000:01:00.0
 05-08-2025 13:53:18:0 [pid=1149 tid=1149] ERROR  cufio-topo-udev:431 no device entries present in platform topology
 05-08-2025 13:53:18:2 [pid=1149 tid=1149] ERROR  0:140 unable to load,  libnuma.so.1.0.0 

 05-08-2025 13:53:18:3 [pid=1149 tid=1149] ERROR  0:98 dlopen error libnuma.so.1.0.0: cannot open shared object file: No such file or directory
 05-08-2025 15:32:51:808 [pid=1358 tid=1358] ERROR  0:140 unable to load,  liburcu-bp.so.6 

 05-08-2025 15:32:51:809 [pid=1358 tid=1358] ERROR  0:140 unable to load,  liburcu-bp.so.1 

 05-08-2025 15:32:52:45 [pid=1358 tid=1358] WARN   0:169 failed to open /proc/driver/nvidia-fs/devcount  error: No such file or directory
 05-08-2025 15:32:52:45 [pid=1358 tid=1358] NOTICE  cufio-drv:855 running in compatible mode
 05-08-2025 15:32:52:47 [pid=1358 tid=1358] ERROR  cufio-plat:98 cannot open path /sys/bus/pci/devices/0000:01:00.0/resource No such file or directory
 05-08-2025 15:32:52:47 [pid=1358 tid=1358] ERROR  cufio-plat:98 cannot open path /sys/bus/pci/devices/0000:01:00.0/resource No such file or directory
 05-08-2025 15:32:52:47 [pid=1358 tid=1358] WARN   cufio-plat:457 GPU index 0 NVIDIA GeForce RTX 4060 Laptop GPU: Model Not Supported
 05-08-2025 15:32:52:48 [pid=1358 tid=1358] WARN   cufio-udev:169 failed in udev device create: /sys/bus/pci/devices/0000:01:00.0
 05-08-2025 15:32:52:314 [pid=1358 tid=1358] ERROR  cufio-topo-udev:431 no device entries present in platform topology
 05-08-2025 15:32:52:317 [pid=1358 tid=1358] ERROR  0:140 unable to load,  libnuma.so.1.0.0 

 05-08-2025 15:32:52:317 [pid=1358 tid=1358] ERROR  0:98 dlopen error libnuma.so.1.0.0: cannot open shared object file: No such file or directory
 05-08-2025 15:35:42:737 [pid=1418 tid=1418] ERROR  0:140 unable to load,  liburcu-bp.so.6 

 05-08-2025 15:35:42:737 [pid=1418 tid=1418] ERROR  0:140 unable to load,  liburcu-bp.so.1 

 05-08-2025 15:35:42:952 [pid=1418 tid=1418] WARN   0:169 failed to open /proc/driver/nvidia-fs/devcount  error: No such file or directory
 05-08-2025 15:35:42:952 [pid=1418 tid=1418] NOTICE  cufio-drv:855 running in compatible mode
 05-08-2025 15:35:42:954 [pid=1418 tid=1418] ERROR  cufio-plat:98 cannot open path /sys/bus/pci/devices/0000:01:00.0/resource No such file or directory
 05-08-2025 15:35:42:954 [pid=1418 tid=1418] ERROR  cufio-plat:98 cannot open path /sys/bus/pci/devices/0000:01:00.0/resource No such file or directory
 05-08-2025 15:35:42:954 [pid=1418 tid=1418] WARN   cufio-plat:457 GPU index 0 NVIDIA GeForce RTX 4060 Laptop GPU: Model Not Supported
 05-08-2025 15:35:42:955 [pid=1418 tid=1418] WARN   cufio-udev:169 failed in udev device create: /sys/bus/pci/devices/0000:01:00.0
 05-08-2025 15:35:43:143 [pid=1418 tid=1418] ERROR  cufio-topo-udev:431 no device entries present in platform topology
 05-08-2025 15:35:43:147 [pid=1418 tid=1418] ERROR  0:140 unable to load,  libnuma.so.1.0.0 

 05-08-2025 15:35:43:147 [pid=1418 tid=1418] ERROR  0:98 dlopen error libnuma.so.1.0.0: cannot open shared object file: No such file or directory
 05-08-2025 15:38:41:361 [pid=1485 tid=1485] ERROR  0:140 unable to load,  liburcu-bp.so.6 

 05-08-2025 15:38:41:362 [pid=1485 tid=1485] ERROR  0:140 unable to load,  liburcu-bp.so.1 

 05-08-2025 15:38:41:576 [pid=1485 tid=1485] WARN   0:169 failed to open /proc/driver/nvidia-fs/devcount  error: No such file or directory
 05-08-2025 15:38:41:577 [pid=1485 tid=1485] NOTICE  cufio-drv:855 running in compatible mode
 05-08-2025 15:38:41:577 [pid=1485 tid=1485] ERROR  cufio-plat:98 cannot open path /sys/bus/pci/devices/0000:01:00.0/resource No such file or directory
 05-08-2025 15:38:41:577 [pid=1485 tid=1485] ERROR  cufio-plat:98 cannot open path /sys/bus/pci/devices/0000:01:00.0/resource No such file or directory
 05-08-2025 15:38:41:577 [pid=1485 tid=1485] WARN   cufio-plat:457 GPU index 0 NVIDIA GeForce RTX 4060 Laptop GPU: Model Not Supported
 05-08-2025 15:38:41:578 [pid=1485 tid=1485] WARN   cufio-udev:169 failed in udev device create: /sys/bus/pci/devices/0000:01:00.0
 05-08-2025 15:38:41:735 [pid=1485 tid=1485] ERROR  cufio-topo-udev:431 no device entries present in platform topology
 05-08-2025 15:38:41:736 [pid=1485 tid=1485] ERROR  0:140 unable to load,  libnuma.so.1.0.0 

 05-08-2025 15:38:41:736 [pid=1485 tid=1485] ERROR  0:98 dlopen error libnuma.so.1.0.0: cannot open shared object file: No such file or directory
 05-08-2025 15:44:50:220 [pid=1549 tid=1549] ERROR  0:140 unable to load,  liburcu-bp.so.6 

 05-08-2025 15:44:50:220 [pid=1549 tid=1549] ERROR  0:140 unable to load,  liburcu-bp.so.1 

 05-08-2025 15:44:50:420 [pid=1549 tid=1549] WARN   0:169 failed to open /proc/driver/nvidia-fs/devcount  error: No such file or directory
 05-08-2025 15:44:50:421 [pid=1549 tid=1549] NOTICE  cufio-drv:855 running in compatible mode
 05-08-2025 15:44:50:421 [pid=1549 tid=1549] ERROR  cufio-plat:98 cannot open path /sys/bus/pci/devices/0000:01:00.0/resource No such file or directory
 05-08-2025 15:44:50:422 [pid=1549 tid=1549] ERROR  cufio-plat:98 cannot open path /sys/bus/pci/devices/0000:01:00.0/resource No such file or directory
 05-08-2025 15:44:50:422 [pid=1549 tid=1549] WARN   cufio-plat:457 GPU index 0 NVIDIA GeForce RTX 4060 Laptop GPU: Model Not Supported
 05-08-2025 15:44:50:423 [pid=1549 tid=1549] WARN   cufio-udev:169 failed in udev device create: /sys/bus/pci/devices/0000:01:00.0
 05-08-2025 15:44:50:563 [pid=1549 tid=1549] ERROR  cufio-topo-udev:431 no device entries present in platform topology
 05-08-2025 15:44:50:564 [pid=1549 tid=1549] ERROR  0:140 unable to load,  libnuma.so.1.0.0 

 05-08-2025 15:44:50:565 [pid=1549 tid=1549] ERROR  0:98 dlopen error libnuma.so.1.0.0: cannot open shared object file: No such file or directory
 05-08-2025 15:49:57:991 [pid=1612 tid=1612] ERROR  0:140 unable to load,  liburcu-bp.so.6 

 05-08-2025 15:49:57:991 [pid=1612 tid=1612] ERROR  0:140 unable to load,  liburcu-bp.so.1 

 05-08-2025 15:49:58:200 [pid=1612 tid=1612] WARN   0:169 failed to open /proc/driver/nvidia-fs/devcount  error: No such file or directory
 05-08-2025 15:49:58:201 [pid=1612 tid=1612] NOTICE  cufio-drv:855 running in compatible mode
 05-08-2025 15:49:58:202 [pid=1612 tid=1612] ERROR  cufio-plat:98 cannot open path /sys/bus/pci/devices/0000:01:00.0/resource No such file or directory
 05-08-2025 15:49:58:202 [pid=1612 tid=1612] ERROR  cufio-plat:98 cannot open path /sys/bus/pci/devices/0000:01:00.0/resource No such file or directory
 05-08-2025 15:49:58:203 [pid=1612 tid=1612] WARN   cufio-plat:457 GPU index 0 NVIDIA GeForce RTX 4060 Laptop GPU: Model Not Supported
 05-08-2025 15:49:58:203 [pid=1612 tid=1612] WARN   cufio-udev:169 failed in udev device create: /sys/bus/pci/devices/0000:01:00.0
 05-08-2025 15:49:58:434 [pid=1612 tid=1612] ERROR  cufio-topo-udev:431 no device entries present in platform topology
 05-08-2025 15:49:58:446 [pid=1612 tid=1612] ERROR  0:140 unable to load,  libnuma.so.1.0.0 

 05-08-2025 15:49:58:447 [pid=1612 tid=1612] ERROR  0:98 dlopen error libnuma.so.1.0.0: cannot open shared object file: No such file or directory
 05-08-2025 15:54:25:971 [pid=1677 tid=1677] ERROR  0:140 unable to load,  liburcu-bp.so.6 

 05-08-2025 15:54:25:972 [pid=1677 tid=1677] ERROR  0:140 unable to load,  liburcu-bp.so.1 

 05-08-2025 15:54:26:160 [pid=1677 tid=1677] WARN   0:169 failed to open /proc/driver/nvidia-fs/devcount  error: No such file or directory
 05-08-2025 15:54:26:160 [pid=1677 tid=1677] NOTICE  cufio-drv:855 running in compatible mode
 05-08-2025 15:54:26:161 [pid=1677 tid=1677] ERROR  cufio-plat:98 cannot open path /sys/bus/pci/devices/0000:01:00.0/resource No such file or directory
 05-08-2025 15:54:26:161 [pid=1677 tid=1677] ERROR  cufio-plat:98 cannot open path /sys/bus/pci/devices/0000:01:00.0/resource No such file or directory
 05-08-2025 15:54:26:161 [pid=1677 tid=1677] WARN   cufio-plat:457 GPU index 0 NVIDIA GeForce RTX 4060 Laptop GPU: Model Not Supported
 05-08-2025 15:54:26:161 [pid=1677 tid=1677] WARN   cufio-udev:169 failed in udev device create: /sys/bus/pci/devices/0000:01:00.0
 05-08-2025 15:54:26:309 [pid=1677 tid=1677] ERROR  cufio-topo-udev:431 no device entries present in platform topology
 05-08-2025 15:54:26:310 [pid=1677 tid=1677] ERROR  0:140 unable to load,  libnuma.so.1.0.0 

 05-08-2025 15:54:26:310 [pid=1677 tid=1677] ERROR  0:98 dlopen error libnuma.so.1.0.0: cannot open shared object file: No such file or directory
 05-08-2025 15:56:50:171 [pid=1739 tid=1739] ERROR  0:140 unable to load,  liburcu-bp.so.6 

 05-08-2025 15:56:50:172 [pid=1739 tid=1739] ERROR  0:140 unable to load,  liburcu-bp.so.1 

 05-08-2025 15:56:50:397 [pid=1739 tid=1739] WARN   0:169 failed to open /proc/driver/nvidia-fs/devcount  error: No such file or directory
 05-08-2025 15:56:50:398 [pid=1739 tid=1739] NOTICE  cufio-drv:855 running in compatible mode
 05-08-2025 15:56:50:399 [pid=1739 tid=1739] ERROR  cufio-plat:98 cannot open path /sys/bus/pci/devices/0000:01:00.0/resource No such file or directory
 05-08-2025 15:56:50:400 [pid=1739 tid=1739] ERROR  cufio-plat:98 cannot open path /sys/bus/pci/devices/0000:01:00.0/resource No such file or directory
 05-08-2025 15:56:50:400 [pid=1739 tid=1739] WARN   cufio-plat:457 GPU index 0 NVIDIA GeForce RTX 4060 Laptop GPU: Model Not Supported
 05-08-2025 15:56:50:401 [pid=1739 tid=1739] WARN   cufio-udev:169 failed in udev device create: /sys/bus/pci/devices/0000:01:00.0
 05-08-2025 15:56:50:545 [pid=1739 tid=1739] ERROR  cufio-topo-udev:431 no device entries present in platform topology
 05-08-2025 15:56:50:549 [pid=1739 tid=1739] ERROR  0:140 unable to load,  libnuma.so.1.0.0 

 05-08-2025 15:56:50:549 [pid=1739 tid=1739] ERROR  0:98 dlopen error libnuma.so.1.0.0: cannot open shared object file: No such file or directory
 05-08-2025 16:01:38:817 [pid=1840 tid=1840] ERROR  0:140 unable to load,  liburcu-bp.so.6 

 05-08-2025 16:01:38:818 [pid=1840 tid=1840] ERROR  0:140 unable to load,  liburcu-bp.so.1 

 05-08-2025 16:01:39:65 [pid=1840 tid=1840] WARN   0:169 failed to open /proc/driver/nvidia-fs/devcount  error: No such file or directory
 05-08-2025 16:01:39:67 [pid=1840 tid=1840] NOTICE  cufio-drv:855 running in compatible mode
 05-08-2025 16:01:39:67 [pid=1840 tid=1840] ERROR  cufio-plat:98 cannot open path /sys/bus/pci/devices/0000:01:00.0/resource No such file or directory
 05-08-2025 16:01:39:68 [pid=1840 tid=1840] ERROR  cufio-plat:98 cannot open path /sys/bus/pci/devices/0000:01:00.0/resource No such file or directory
 05-08-2025 16:01:39:68 [pid=1840 tid=1840] WARN   cufio-plat:457 GPU index 0 NVIDIA GeForce RTX 4060 Laptop GPU: Model Not Supported
 05-08-2025 16:01:39:68 [pid=1840 tid=1840] WARN   cufio-udev:169 failed in udev device create: /sys/bus/pci/devices/0000:01:00.0
 05-08-2025 16:01:39:231 [pid=1840 tid=1840] ERROR  cufio-topo-udev:431 no device entries present in platform topology
 05-08-2025 16:01:39:232 [pid=1840 tid=1840] ERROR  0:140 unable to load,  libnuma.so.1.0.0 

 05-08-2025 16:01:39:232 [pid=1840 tid=1840] ERROR  0:98 dlopen error libnuma.so.1.0.0: cannot open shared object file: No such file or directory
 05-08-2025 16:04:44:535 [pid=1945 tid=1945] ERROR  0:140 unable to load,  liburcu-bp.so.6 

 05-08-2025 16:04:44:536 [pid=1945 tid=1945] ERROR  0:140 unable to load,  liburcu-bp.so.1 

 05-08-2025 16:04:44:726 [pid=1945 tid=1945] WARN   0:169 failed to open /proc/driver/nvidia-fs/devcount  error: No such file or directory
 05-08-2025 16:04:44:726 [pid=1945 tid=1945] NOTICE  cufio-drv:855 running in compatible mode
 05-08-2025 16:04:44:728 [pid=1945 tid=1945] ERROR  cufio-plat:98 cannot open path /sys/bus/pci/devices/0000:01:00.0/resource No such file or directory
 05-08-2025 16:04:44:728 [pid=1945 tid=1945] ERROR  cufio-plat:98 cannot open path /sys/bus/pci/devices/0000:01:00.0/resource No such file or directory
 05-08-2025 16:04:44:728 [pid=1945 tid=1945] WARN   cufio-plat:457 GPU index 0 NVIDIA GeForce RTX 4060 Laptop GPU: Model Not Supported
 05-08-2025 16:04:44:728 [pid=1945 tid=1945] WARN   cufio-udev:169 failed in udev device create: /sys/bus/pci/devices/0000:01:00.0
 05-08-2025 16:04:44:876 [pid=1945 tid=1945] ERROR  cufio-topo-udev:431 no device entries present in platform topology
 05-08-2025 16:04:44:879 [pid=1945 tid=1945] ERROR  0:140 unable to load,  libnuma.so.1.0.0 

 05-08-2025 16:04:44:879 [pid=1945 tid=1945] ERROR  0:98 dlopen error libnuma.so.1.0.0: cannot open shared object file: No such file or directory
 05-08-2025 16:09:23:290 [pid=2047 tid=2047] ERROR  0:140 unable to load,  liburcu-bp.so.6 

 05-08-2025 16:09:23:290 [pid=2047 tid=2047] ERROR  0:140 unable to load,  liburcu-bp.so.1 

 05-08-2025 16:09:23:492 [pid=2047 tid=2047] WARN   0:169 failed to open /proc/driver/nvidia-fs/devcount  error: No such file or directory
 05-08-2025 16:09:23:493 [pid=2047 tid=2047] NOTICE  cufio-drv:855 running in compatible mode
 05-08-2025 16:09:23:494 [pid=2047 tid=2047] ERROR  cufio-plat:98 cannot open path /sys/bus/pci/devices/0000:01:00.0/resource No such file or directory
 05-08-2025 16:09:23:494 [pid=2047 tid=2047] ERROR  cufio-plat:98 cannot open path /sys/bus/pci/devices/0000:01:00.0/resource No such file or directory
 05-08-2025 16:09:23:494 [pid=2047 tid=2047] WARN   cufio-plat:457 GPU index 0 NVIDIA GeForce RTX 4060 Laptop GPU: Model Not Supported
 05-08-2025 16:09:23:495 [pid=2047 tid=2047] WARN   cufio-udev:169 failed in udev device create: /sys/bus/pci/devices/0000:01:00.0
 05-08-2025 16:09:23:636 [pid=2047 tid=2047] ERROR  cufio-topo-udev:431 no device entries present in platform topology
 05-08-2025 16:09:23:637 [pid=2047 tid=2047] ERROR  0:140 unable to load,  libnuma.so.1.0.0 

 05-08-2025 16:09:23:638 [pid=2047 tid=2047] ERROR  0:98 dlopen error libnuma.so.1.0.0: cannot open shared object file: No such file or directory
